<?xml version="1.0" encoding="UTF-8" ?>
<testsuite tests="12" failures="2" name="com.cucumber.CucumberProject.runnerTest" time="1.093" errors="0" skipped="0">
  <properties>
[...]
</properties>
  <testcase classname="Scenario: Adopt an available animal" name="Given I am at the zoo site" time="0.005"/>
  <testcase classname="Scenario: Adopt an available animal" name="When I navigate to adoption" time="0.001"/>
  <testcase classname="Scenario: Adopt an available animal" name="And I check for an available animal" time="0"/>
  <testcase classname="Scenario: Adopt an available animal" name="And I populate the form" time="0"/>
  <testcase classname="Scenario: Adopt an available animal" name="Then There should be a confirmation message" time="0.001"/>
  <testcase classname="Scenario: Adopt an available animal" name="Scenario: Adopt an available animal" time="1.076"/>
  <testcase classname="Scenario: Adopt an available animal" name="Given I am at the zoo site" time="0"/>
  <testcase classname="Scenario: Adopt an available animal" name="When I navigate to adoption" time="0"/>
  <testcase classname="Scenario: Adopt an available animal" name="And I check for an available animal" time="0"/>
  <testcase classname="Scenario: Adopt an available animal" name="And I populate the form" time="0"/>
  <testcase classname="Scenario: Adopt an available animal" name="Then There should be a confirmation text" time="0.005">
    <failure message="2nd assert failed. expected:&lt;[YOUR ADOPTION HAS BEEN SET UP]&gt; but was:&lt;[fail]&gt;" type="junit.framework.ComparisonFailure">junit.framework.ComparisonFailure: 2nd assert failed. expected:&lt;[YOUR ADOPTION HAS BEEN SET UP]&gt; but was:&lt;[fail]&gt;
	at junit.framework.Assert.assertEquals(Assert.java:100)
	at com.cucumber.CucumberProject.Steps.verifyConfirmTextAvilable(Steps.java:146)
	at ✽.Then There should be a confirmation text(myFeature.feature:15)
</failure>
    <system-out>running verify confirm message method
Hard Assertion -&gt; 1st pagetext assertion executed.
</system-out>
  </testcase>
  <testcase classname="Scenario: Adopt an available animal" name="Scenario: Adopt an available animal" time="0.005">
    <failure message="2nd assert failed. expected:&lt;[YOUR ADOPTION HAS BEEN SET UP]&gt; but was:&lt;[fail]&gt;" type="junit.framework.ComparisonFailure">junit.framework.ComparisonFailure: 2nd assert failed. expected:&lt;[YOUR ADOPTION HAS BEEN SET UP]&gt; but was:&lt;[fail]&gt;
	at junit.framework.Assert.assertEquals(Assert.java:100)
	at com.cucumber.CucumberProject.Steps.verifyConfirmTextAvilable(Steps.java:146)
	at ✽.Then There should be a confirmation text(myFeature.feature:15)
</failure>
  </testcase>
</testsuite>